<?xml version="1.0" encoding="UTF-8"?>
<!-- Generated by org.testng.reporters.JUnitReportReporter -->
<testsuite hostname="DESKTOP-02SBHH8" failures="0" tests="1" name="CommonFunctions.Common" time="7.320" errors="0" timestamp="2023-02-15T13:11:16 IST" skipped="0">
  <testcase classname="CommonFunctions.Common" name="lanchBrowser" time="7.320"/>
  <system-out/>
</testsuite> <!-- CommonFunctions.Common -->
