<?xml version="1.0" encoding="UTF-8"?>
<!-- Generated by org.testng.reporters.JUnitReportReporter -->
<testsuite hostname="DESKTOP-02SBHH8" failures="0" tests="1" name="Testcases.Test_TodayLeave" time="3.521" errors="0" timestamp="2023-02-15T17:12:49 IST" skipped="0">
  <testcase classname="Testcases.Test_TodayLeave" name="verifyEmployeeOnLeaveToday" time="3.521"/>
  <system-out/>
</testsuite> <!-- Testcases.Test_TodayLeave -->
