<?xml version="1.0" encoding="UTF-8"?>
<!-- Generated by org.testng.reporters.JUnitReportReporter -->
<testsuite hostname="DESKTOP-02SBHH8" failures="0" tests="1" name="Testcases.Test_UserDetail" time="2.911" errors="0" timestamp="2023-02-15T17:12:49 IST" skipped="0">
  <testcase classname="Testcases.Test_UserDetail" name="checkUserRole" time="2.911"/>
  <system-out/>
</testsuite> <!-- Testcases.Test_UserDetail -->
