<?xml version="1.0" encoding="UTF-8"?>
<!-- Generated by org.testng.reporters.JUnitReportReporter -->
<testsuite hostname="DESKTOP-02SBHH8" failures="0" tests="3" name="Extend_Reports.Reports" time="10.418" errors="0" timestamp="2023-02-16T12:14:59 IST" skipped="0">
  <testcase classname="Extend_Reports.Reports" name="openGoogle" time="3.121"/>
  <system-out/>
  <testcase classname="Extend_Reports.Reports" name="openYahoo" time="1.052"/>
  <system-out/>
  <testcase classname="Extend_Reports.Reports" name="openBing" time="6.245"/>
  <system-out/>
</testsuite> <!-- Extend_Reports.Reports -->
