<?xml version="1.0" encoding="UTF-8"?>
<!-- Generated by org.testng.reporters.JUnitReportReporter -->
<testsuite hostname="DESKTOP-02SBHH8" failures="0" tests="1" name="TestNG.Simple_Testng" time="0.007" errors="0" timestamp="2023-02-16T12:14:59 IST" skipped="0">
  <testcase classname="TestNG.Simple_Testng" name="print" time="0.007"/>
  <system-out/>
</testsuite> <!-- TestNG.Simple_Testng -->
