<?xml version="1.0" encoding="UTF-8"?>
<!-- Generated by org.testng.reporters.JUnitReportReporter -->
<testsuite hostname="DESKTOP-02SBHH8" failures="0" tests="1" name="Exploring_Webdriver.Handling_Popups" time="11.352" errors="0" timestamp="2023-02-16T12:14:59 IST" skipped="0">
  <testcase classname="Exploring_Webdriver.Handling_Popups" name="i_want_to_write_a_step_with_precondition" time="11.352"/>
  <system-out/>
</testsuite> <!-- Exploring_Webdriver.Handling_Popups -->
