<?xml version="1.0" encoding="UTF-8"?>
<!-- Generated by org.testng.reporters.JUnitReportReporter -->
<testsuite hostname="DESKTOP-02SBHH8" failures="0" tests="3" name="ExtentReport.Reports" time="6.774" errors="0" timestamp="2023-02-16T12:36:52 IST" skipped="0">
  <testcase classname="ExtentReport.Reports" name="openYahoo" time="0.948"/>
  <system-out/>
  <testcase classname="ExtentReport.Reports" name="openGoogle" time="1.743"/>
  <system-out/>
  <testcase classname="ExtentReport.Reports" name="openBing" time="4.083"/>
  <system-out/>
</testsuite> <!-- ExtentReport.Reports -->
