<?xml version="1.0" encoding="UTF-8"?>
<!-- Generated by org.testng.reporters.JUnitReportReporter -->
<testsuite hostname="DESKTOP-02SBHH8" failures="0" tests="2" name="TestNG.Annotation_Priority" time="0.034" errors="0" timestamp="2023-02-16T12:14:59 IST" skipped="0">
  <testcase classname="TestNG.Annotation_Priority" name="f" time="0.015"/>
  <system-out/>
  <testcase classname="TestNG.Annotation_Priority" name="print" time="0.019"/>
  <system-out/>
</testsuite> <!-- TestNG.Annotation_Priority -->
