<?xml version="1.0" encoding="UTF-8"?>
<!-- Generated by org.testng.reporters.JUnitReportReporter -->
<testsuite hostname="DESKTOP-02SBHH8" failures="0" tests="8" name="TestNG.Grouping_Testng" time="0.072" errors="0" timestamp="2023-02-16T12:14:59 IST" skipped="0">
  <testcase classname="TestNG.Grouping_Testng" name="pizza" time="0.005"/>
  <system-out/>
  <testcase classname="TestNG.Grouping_Testng" name="Nuts" time="0.005"/>
  <system-out/>
  <testcase classname="TestNG.Grouping_Testng" name="mojito" time="0.012"/>
  <system-out/>
  <testcase classname="TestNG.Grouping_Testng" name="fruits2" time="0.010"/>
  <system-out/>
  <testcase classname="TestNG.Grouping_Testng" name="Nuts2" time="0.009"/>
  <system-out/>
  <testcase classname="TestNG.Grouping_Testng" name="fruits" time="0.008"/>
  <system-out/>
  <testcase classname="TestNG.Grouping_Testng" name="Seeds2" time="0.006"/>
  <system-out/>
  <testcase classname="TestNG.Grouping_Testng" name="Seeds" time="0.017"/>
  <system-out/>
</testsuite> <!-- TestNG.Grouping_Testng -->
